<?xml version="1.0" encoding="utf-8"?><testsuites><testsuite name="pytest" errors="0" failures="0" skipped="2" tests="16" time="0.084" timestamp="2022-03-29T17:00:56.656788" hostname="Yash-Dell"><testcase classname="test_calculator" name="test_add[3-2-5]" time="0.001" /><testcase classname="test_calculator" name="test_add[4-6-11]" time="0.001"><skipped type="pytest.xfail" message="" /></testcase><testcase classname="test_calculator" name="test_add[7-8-16]" time="0.001"><skipped type="pytest.xfail" message="" /></testcase><testcase classname="test_calculator" name="test_add[10-12-22]" time="0.001" /><testcase classname="test_calculator" name="test_sub[3-2-1]" time="0.001" /><testcase classname="test_calculator" name="test_sub[4-6--2]" time="0.001" /><testcase classname="test_calculator" name="test_sub[7-8--1]" time="0.001" /><testcase classname="test_calculator" name="test_sub[10-12--2]" time="0.001" /><testcase classname="test_calculator" name="test_multi[3-2-6]" time="0.001" /><testcase classname="test_calculator" name="test_multi[4-6-24]" time="0.001" /><testcase classname="test_calculator" name="test_multi[7-8-56]" time="0.001" /><testcase classname="test_calculator" name="test_multi[10-12-120]" time="0.001" /><testcase classname="test_calculator" name="test_div[4-2-2]" time="0.001" /><testcase classname="test_calculator" name="test_div[10-5-2]" time="0.001" /><testcase classname="test_calculator" name="test_div[7-7-1]" time="0.001" /><testcase classname="test_calculator" name="test_div[10-1-10]" time="0.001" /></testsuite></testsuites>